[2026-03-04 12:38:41] State: IN_PROGRESS
[2026-03-04 12:39:42] State: IN_PROGRESS
[2026-03-04 12:40:44] State: IN_PROGRESS
[2026-03-04 12:41:45] State: IN_PROGRESS
[2026-03-04 12:42:47] State: IN_PROGRESS
[2026-03-04 12:43:48] State: IN_PROGRESS
[2026-03-04 12:44:49] State: IN_PROGRESS
[2026-03-04 12:45:51] State: IN_PROGRESS
[2026-03-04 12:46:52] State: IN_PROGRESS
[2026-03-04 12:47:54] State: IN_PROGRESS
[2026-03-04 12:48:55] State: IN_PROGRESS
[2026-03-04 12:49:57] State: IN_PROGRESS
[2026-03-04 12:50:58] State: IN_PROGRESS
[2026-03-04 12:52:00] State: IN_PROGRESS
[2026-03-04 12:53:01] State: IN_PROGRESS
[2026-03-04 12:54:03] State: IN_PROGRESS
[2026-03-04 12:55:04] State: IN_PROGRESS
[2026-03-04 12:56:05] State: IN_PROGRESS
[2026-03-04 12:57:07] State: IN_PROGRESS
[2026-03-04 12:58:08] State: IN_PROGRESS
[2026-03-04 12:59:09] State: IN_PROGRESS
[2026-03-04 13:00:11] State: IN_PROGRESS
[2026-03-04 13:01:12] State: IN_PROGRESS
[2026-03-04 13:02:14] State: IN_PROGRESS
[2026-03-04 13:03:15] State: IN_PROGRESS
[2026-03-04 13:04:17] State: IN_PROGRESS
[2026-03-04 13:05:18] State: IN_PROGRESS
[2026-03-04 13:06:19] State: IN_PROGRESS
[2026-03-04 13:07:21] State: IN_PROGRESS
[2026-03-04 13:08:22] State: IN_PROGRESS
[2026-03-04 13:09:24] State: IN_PROGRESS
[2026-03-04 13:10:25] State: IN_PROGRESS
[2026-03-04 13:11:27] State: IN_PROGRESS
[2026-03-04 13:12:28] State: IN_PROGRESS
[2026-03-04 13:13:29] State: IN_PROGRESS
[2026-03-04 13:14:31] State: IN_PROGRESS
[2026-03-04 13:15:32] State: IN_PROGRESS
[2026-03-04 13:16:34] State: IN_PROGRESS
[2026-03-04 13:17:36] State: IN_PROGRESS
[2026-03-04 13:18:38] State: IN_PROGRESS
[2026-03-04 13:19:39] State: IN_PROGRESS
[2026-03-04 13:20:41] State: IN_PROGRESS
[2026-03-04 13:21:42] State: IN_PROGRESS
[2026-03-04 13:22:44] State: IN_PROGRESS
[2026-03-04 13:23:45] State: IN_PROGRESS
[2026-03-04 13:24:47] State: IN_PROGRESS
[2026-03-04 13:25:48] State: IN_PROGRESS
[2026-03-04 13:26:50] State: IN_PROGRESS
[2026-03-04 13:27:52] State: IN_PROGRESS
[2026-03-04 13:28:53] State: IN_PROGRESS
[2026-03-04 13:29:56] State: IN_PROGRESS
[2026-03-04 13:30:57] State: IN_PROGRESS
[2026-03-04 13:31:59] State: IN_PROGRESS
[2026-03-04 13:33:01] State: IN_PROGRESS
[2026-03-04 13:34:02] State: IN_PROGRESS
[2026-03-04 13:35:03] State: IN_PROGRESS
[2026-03-04 13:36:05] State: IN_PROGRESS
[2026-03-04 13:37:06] State: IN_PROGRESS
[2026-03-04 13:38:07] State: IN_PROGRESS
[2026-03-04 13:39:09] State: IN_PROGRESS
[2026-03-04 13:40:10] State: IN_PROGRESS
[2026-03-04 13:41:12] State: IN_PROGRESS
[2026-03-04 13:42:13] State: IN_PROGRESS
[2026-03-04 13:43:15] State: IN_PROGRESS
[2026-03-04 13:44:16] State: IN_PROGRESS
[2026-03-04 13:45:18] State: IN_PROGRESS
[2026-03-04 13:46:19] State: IN_PROGRESS
[2026-03-04 13:47:21] State: IN_PROGRESS
[2026-03-04 13:48:22] State: IN_PROGRESS
[2026-03-04 13:49:24] State: IN_PROGRESS
[2026-03-04 13:50:25] State: IN_PROGRESS
[2026-03-04 13:51:27] State: IN_PROGRESS
[2026-03-04 13:52:28] State: IN_PROGRESS
[2026-03-04 13:53:29] State: IN_PROGRESS
[2026-03-04 13:54:31] State: IN_PROGRESS
[2026-03-04 13:55:32] State: IN_PROGRESS
[2026-03-04 13:56:34] State: IN_PROGRESS
[2026-03-04 13:57:35] State: IN_PROGRESS
[2026-03-04 13:58:37] State: IN_PROGRESS
[2026-03-04 13:59:38] State: IN_PROGRESS
[2026-03-04 14:00:39] State: IN_PROGRESS
[2026-03-04 14:01:41] State: IN_PROGRESS
[2026-03-04 14:02:42] State: IN_PROGRESS
[2026-03-04 14:03:44] State: IN_PROGRESS
[2026-03-04 14:04:45] State: IN_PROGRESS
[2026-03-04 14:05:47] State: IN_PROGRESS
[2026-03-04 14:06:48] State: IN_PROGRESS
[2026-03-04 14:07:50] State: IN_PROGRESS
[2026-03-04 14:08:51] State: IN_PROGRESS
[2026-03-04 14:09:52] State: IN_PROGRESS
[2026-03-04 14:10:54] State: AWAITING_USER_FEEDBACK
{
  "name": "sessions/1978868707027204903",
  "title": "[GAHENAX] BSD P3: Rank 6 Dujella (16 workers)",
  "createTime": "2026-03-04T17:37:36.968320937Z",
  "updateTime": "2026-03-04T19:10:44.831114Z",
  "state": "AWAITING_USER_FEEDBACK",
  "prompt": "Clone https://github.com/Gahenax/Gahenax-BSD (branch: master) and execute:\n\n```bash\npip install numpy sympy mpmath pytest\nPYTHONPATH=. pytest tests/test_bsd.py -v\nPYTHONPATH=. python jules_orders/jules_bsd_dispatch_p3_multi.py --family rank6_dujella\n```\n\nThis sweeps the Rank 6 Dujella family with 16 parallel workers, radius=100, step=3.\nWhen done, commit evidence/phase3/* and push.",
  "url": "https://jules.google.com/session/1978868707027204903",
  "id": "1978868707027204903"
}
