[2026-03-04 12:50:33] State: IN_PROGRESS
[2026-03-04 12:51:34] State: IN_PROGRESS
[2026-03-04 12:52:36] State: IN_PROGRESS
[2026-03-04 12:53:37] State: IN_PROGRESS
[2026-03-04 12:54:38] State: IN_PROGRESS
[2026-03-04 12:55:40] State: IN_PROGRESS
[2026-03-04 12:56:41] State: IN_PROGRESS
[2026-03-04 12:57:42] State: IN_PROGRESS
[2026-03-04 12:58:44] State: IN_PROGRESS
[2026-03-04 12:59:45] State: IN_PROGRESS
[2026-03-04 13:00:47] State: IN_PROGRESS
[2026-03-04 13:01:48] State: IN_PROGRESS
[2026-03-04 13:02:49] State: IN_PROGRESS
[2026-03-04 13:03:51] State: IN_PROGRESS
[2026-03-04 13:04:52] State: IN_PROGRESS
[2026-03-04 13:05:54] State: IN_PROGRESS
[2026-03-04 13:06:55] State: IN_PROGRESS
[2026-03-04 13:07:57] State: IN_PROGRESS
[2026-03-04 13:08:58] State: IN_PROGRESS
[2026-03-04 13:10:00] State: IN_PROGRESS
[2026-03-04 13:11:01] State: IN_PROGRESS
[2026-03-04 13:12:03] State: IN_PROGRESS
[2026-03-04 13:13:04] State: IN_PROGRESS
[2026-03-04 13:14:05] State: IN_PROGRESS
[2026-03-04 13:15:07] State: IN_PROGRESS
[2026-03-04 13:16:09] State: IN_PROGRESS
[2026-03-04 13:17:11] State: IN_PROGRESS
[2026-03-04 13:18:12] State: IN_PROGRESS
[2026-03-04 13:19:14] State: IN_PROGRESS
[2026-03-04 13:20:16] State: IN_PROGRESS
[2026-03-04 13:21:18] State: IN_PROGRESS
[2026-03-04 13:22:19] State: IN_PROGRESS
[2026-03-04 13:23:21] State: IN_PROGRESS
[2026-03-04 13:24:23] State: IN_PROGRESS
[2026-03-04 13:25:25] State: IN_PROGRESS
[2026-03-04 13:26:27] State: IN_PROGRESS
[2026-03-04 13:27:28] State: IN_PROGRESS
[2026-03-04 13:28:30] State: IN_PROGRESS
[2026-03-04 13:29:32] State: IN_PROGRESS
[2026-03-04 13:30:33] State: IN_PROGRESS
[2026-03-04 13:31:35] State: IN_PROGRESS
[2026-03-04 13:32:36] State: IN_PROGRESS
[2026-03-04 13:33:38] State: IN_PROGRESS
[2026-03-04 13:34:39] State: IN_PROGRESS
[2026-03-04 13:35:41] State: IN_PROGRESS
[2026-03-04 13:36:42] State: IN_PROGRESS
[2026-03-04 13:37:43] State: IN_PROGRESS
[2026-03-04 13:38:45] State: IN_PROGRESS
[2026-03-04 13:39:46] State: IN_PROGRESS
[2026-03-04 13:40:47] State: IN_PROGRESS
[2026-03-04 13:41:49] State: IN_PROGRESS
[2026-03-04 13:42:50] State: IN_PROGRESS
[2026-03-04 13:43:52] State: IN_PROGRESS
[2026-03-04 13:44:54] State: IN_PROGRESS
[2026-03-04 13:45:56] State: IN_PROGRESS
[2026-03-04 13:46:59] State: IN_PROGRESS
[2026-03-04 13:48:01] State: IN_PROGRESS
[2026-03-04 13:49:03] State: IN_PROGRESS
[2026-03-04 13:50:04] State: IN_PROGRESS
[2026-03-04 13:51:05] State: IN_PROGRESS
[2026-03-04 13:52:07] State: IN_PROGRESS
[2026-03-04 13:53:08] State: IN_PROGRESS
[2026-03-04 13:54:10] State: IN_PROGRESS
[2026-03-04 13:55:11] State: IN_PROGRESS
[2026-03-04 13:56:12] State: IN_PROGRESS
[2026-03-04 13:57:14] State: IN_PROGRESS
[2026-03-04 13:58:15] State: IN_PROGRESS
[2026-03-04 13:59:17] State: IN_PROGRESS
[2026-03-04 14:00:18] State: IN_PROGRESS
[2026-03-04 14:01:20] State: IN_PROGRESS
[2026-03-04 14:02:21] State: IN_PROGRESS
[2026-03-04 14:03:22] State: IN_PROGRESS
[2026-03-04 14:04:24] State: IN_PROGRESS
[2026-03-04 14:05:25] State: IN_PROGRESS
[2026-03-04 14:06:26] State: IN_PROGRESS
[2026-03-04 14:07:28] State: IN_PROGRESS
[2026-03-04 14:08:29] State: IN_PROGRESS
[2026-03-04 14:09:31] State: IN_PROGRESS
[2026-03-04 14:10:32] State: IN_PROGRESS
[2026-03-04 14:11:33] State: IN_PROGRESS
[2026-03-04 14:12:35] State: IN_PROGRESS
[2026-03-04 14:13:36] State: IN_PROGRESS
[2026-03-04 14:14:38] State: IN_PROGRESS
[2026-03-04 14:15:39] State: IN_PROGRESS
[2026-03-04 14:16:41] State: IN_PROGRESS
[2026-03-04 14:17:42] State: IN_PROGRESS
[2026-03-04 14:18:43] State: IN_PROGRESS
[2026-03-04 14:19:45] State: IN_PROGRESS
[2026-03-04 14:20:46] State: IN_PROGRESS
[2026-03-04 14:21:47] State: IN_PROGRESS
[2026-03-04 14:22:49] State: IN_PROGRESS
[2026-03-04 14:23:50] State: IN_PROGRESS
[2026-03-04 14:24:51] State: AWAITING_USER_FEEDBACK
{
  "name": "sessions/6058785188192542930",
  "title": "[GAHENAX-RETRY] BSD P2: Rank 5 Fermigier (16w)",
  "createTime": "2026-03-04T17:50:07.365201093Z",
  "updateTime": "2026-03-04T19:24:53.470911Z",
  "state": "AWAITING_USER_FEEDBACK",
  "prompt": "Clone https://github.com/Gahenax/Gahenax-BSD (branch: master) and execute:\n\n```bash\npip install numpy sympy mpmath pytest\nPYTHONPATH=. pytest tests/test_bsd.py -v\nPYTHONPATH=. python jules_orders/jules_bsd_dispatch_p3_multi.py --family rank5_fermigier\n```\n\nThis sweeps the Rank 5 Fermigier family with 16 parallel workers, radius=100, step=3.\nCommit evidence/phase3/* and push when done.",
  "url": "https://jules.google.com/session/6058785188192542930",
  "id": "6058785188192542930"
}
