[2026-03-04 12:38:37] State: IN_PROGRESS
[2026-03-04 12:39:39] State: IN_PROGRESS
[2026-03-04 12:40:40] State: IN_PROGRESS
[2026-03-04 12:41:42] State: IN_PROGRESS
[2026-03-04 12:42:43] State: IN_PROGRESS
[2026-03-04 12:43:44] State: IN_PROGRESS
[2026-03-04 12:44:46] State: IN_PROGRESS
[2026-03-04 12:45:47] State: IN_PROGRESS
[2026-03-04 12:46:49] State: IN_PROGRESS
[2026-03-04 12:47:50] State: FAILED
{
  "name": "sessions/17194689073597449516",
  "title": "[GAHENAX] BSD P3: Rank 5 Fermigier (16 workers)",
  "createTime": "2026-03-04T17:37:34.924069420Z",
  "updateTime": "2026-03-04T17:47:41.816142Z",
  "state": "FAILED",
  "prompt": "Clone https://github.com/Gahenax/Gahenax-BSD (branch: master) and execute:\n\n```bash\npip install numpy sympy mpmath pytest\nPYTHONPATH=. pytest tests/test_bsd.py -v\nPYTHONPATH=. python jules_orders/jules_bsd_dispatch_p3_multi.py --family rank5_fermigier\n```\n\nThis sweeps the Rank 5 Fermigier family with 16 parallel workers, radius=100, step=3.\nWhen done, commit evidence/phase3/* and push.",
  "url": "https://jules.google.com/session/17194689073597449516",
  "id": "17194689073597449516"
}
