[2026-03-04 12:51:17] State: IN_PROGRESS
[2026-03-04 12:52:18] State: IN_PROGRESS
[2026-03-04 12:53:19] State: IN_PROGRESS
[2026-03-04 12:54:21] State: IN_PROGRESS
[2026-03-04 12:55:22] State: IN_PROGRESS
[2026-03-04 12:56:23] State: IN_PROGRESS
[2026-03-04 12:57:25] State: IN_PROGRESS
[2026-03-04 12:58:26] State: IN_PROGRESS
[2026-03-04 12:59:27] State: IN_PROGRESS
[2026-03-04 13:00:29] State: IN_PROGRESS
[2026-03-04 13:01:31] State: IN_PROGRESS
[2026-03-04 13:02:33] State: IN_PROGRESS
[2026-03-04 13:03:34] State: IN_PROGRESS
[2026-03-04 13:04:36] State: IN_PROGRESS
[2026-03-04 13:05:37] State: IN_PROGRESS
[2026-03-04 13:06:38] State: IN_PROGRESS
[2026-03-04 13:07:40] State: IN_PROGRESS
[2026-03-04 13:08:41] State: IN_PROGRESS
[2026-03-04 13:09:43] State: IN_PROGRESS
[2026-03-04 13:10:44] State: IN_PROGRESS
[2026-03-04 13:11:46] State: IN_PROGRESS
[2026-03-04 13:12:47] State: IN_PROGRESS
[2026-03-04 13:13:49] State: IN_PROGRESS
[2026-03-04 13:14:50] State: IN_PROGRESS
[2026-03-04 13:15:52] State: IN_PROGRESS
[2026-03-04 13:16:53] State: IN_PROGRESS
[2026-03-04 13:17:55] State: IN_PROGRESS
[2026-03-04 13:18:57] State: IN_PROGRESS
[2026-03-04 13:19:58] State: IN_PROGRESS
[2026-03-04 13:21:00] State: IN_PROGRESS
[2026-03-04 13:22:02] State: IN_PROGRESS
[2026-03-04 13:23:03] State: IN_PROGRESS
[2026-03-04 13:24:05] State: IN_PROGRESS
[2026-03-04 13:25:06] State: IN_PROGRESS
[2026-03-04 13:26:08] State: IN_PROGRESS
[2026-03-04 13:27:10] State: IN_PROGRESS
[2026-03-04 13:28:11] State: IN_PROGRESS
[2026-03-04 13:29:13] State: IN_PROGRESS
[2026-03-04 13:30:16] State: IN_PROGRESS
[2026-03-04 13:31:17] State: IN_PROGRESS
[2026-03-04 13:32:18] State: IN_PROGRESS
[2026-03-04 13:33:20] State: IN_PROGRESS
[2026-03-04 13:34:22] State: IN_PROGRESS
[2026-03-04 13:35:23] State: IN_PROGRESS
[2026-03-04 13:36:25] State: IN_PROGRESS
[2026-03-04 13:37:26] State: AWAITING_USER_FEEDBACK
{
  "name": "sessions/15160488109273747577",
  "title": "[GAHENAX-RETRY] BSD P2: Rank 7 Elkies (16w)",
  "createTime": "2026-03-04T17:50:08.953246527Z",
  "updateTime": "2026-03-04T18:37:16.856866Z",
  "state": "AWAITING_USER_FEEDBACK",
  "prompt": "Clone https://github.com/Gahenax/Gahenax-BSD (branch: master) and execute:\n\n```bash\npip install numpy sympy mpmath pytest\nPYTHONPATH=. pytest tests/test_bsd.py -v\nPYTHONPATH=. python jules_orders/jules_bsd_dispatch_p3_multi.py --family rank7_elkies\n```\n\nThis sweeps the Rank 7 Elkies family with 16 parallel workers, radius=100, step=3.\nCommit evidence/phase3/* and push when done.",
  "url": "https://jules.google.com/session/15160488109273747577",
  "id": "15160488109273747577"
}
